<?xml version="1.0" encoding="UTF-8"?>
<!-- Generated by org.testng.reporters.JUnitReportReporter -->
<testsuite hostname="DESKTOP-HASNF3B" failures="0" tests="6" name="TestNG_FW.Invocation_Count" time="76.395" errors="0" timestamp="2021-11-19T18:10:33 IST" skipped="1">
  <testcase classname="TestNG_FW.Invocation_Count" name="insta_Launch" time="7.084"/>
  <system-out/>
  <testcase classname="TestNG_FW.Invocation_Count" name="fashion" time="5.241"/>
  <system-out/>
  <testcase classname="TestNG_FW.Invocation_Count" name="fashion" time="28.273"/>
  <system-out/>
  <testcase classname="TestNG_FW.Invocation_Count" name="amazon_Launch" time="15.463"/>
  <system-out/>
  <testcase classname="TestNG_FW.Invocation_Count" name="mobile_Search" time="20.334"/>
  <system-out/>
  <testcase classname="TestNG_FW.Invocation_Count" name="facebook_Launch">
    <skipped/>
  </testcase> <!-- facebook_Launch -->
  <system-out/>
</testsuite> <!-- TestNG_FW.Invocation_Count -->
