<?xml version="1.0" encoding="UTF-8"?>
<!-- Generated by org.testng.reporters.JUnitReportReporter -->
<testsuite hostname="DESKTOP-HASNF3B" failures="0" tests="4" name="TestNG_FW.SimpleAnnotation" time="0.060" errors="0" timestamp="2021-11-18T17:14:18 IST" skipped="0">
  <testcase classname="TestNG_FW.SimpleAnnotation" name="searchTabs" time="0.006"/>
  <system-out/>
  <testcase classname="TestNG_FW.SimpleAnnotation" name="laptopSearch" time="0.008"/>
  <system-out/>
  <testcase classname="TestNG_FW.SimpleAnnotation" name="mobileSearch" time="0.021"/>
  <system-out/>
  <testcase classname="TestNG_FW.SimpleAnnotation" name="SearchTv" time="0.025"/>
  <system-out/>
</testsuite> <!-- TestNG_FW.SimpleAnnotation -->
