<?xml version="1.0" encoding="UTF-8"?>
<!-- Generated by org.testng.reporters.JUnitReportReporter -->
<testsuite hostname="DESKTOP-HASNF3B" failures="0" tests="2" name="TestNG_FW.Data_Provider" time="50.135" errors="0" timestamp="2021-11-23T17:26:04 IST" skipped="0">
  <testcase classname="TestNG_FW.Data_Provider" name="facebook_Login" time="18.194"/>
  <system-out/>
  <testcase classname="TestNG_FW.Data_Provider" name="facebook_Login" time="31.941"/>
  <system-out/>
</testsuite> <!-- TestNG_FW.Data_Provider -->
