<?xml version="1.0" encoding="UTF-8"?>
<!-- Generated by org.testng.reporters.JUnitReportReporter -->
<testsuite hostname="DESKTOP-HASNF3B" failures="0" tests="1" name="TestNG_FW.Parameterised_Test" time="44.229" errors="0" timestamp="2021-11-23T16:14:34 IST" skipped="0">
  <testcase classname="TestNG_FW.Parameterised_Test" name="login" time="44.229"/>
  <system-out/>
</testsuite> <!-- TestNG_FW.Parameterised_Test -->
